{"numTotalTests":4,"numPassedTests":2,"numFailedTests":1,"numPendingTests":1,"startTime":0,"success":false,"testResults":[{"name":"/tmp/handler.test.js","assertionResults":[{"fullName":"good path","status":"passed"},{"fullName":"skipped path","status":"pending"},{"fullName":"failing path","status":"failed","location":{"line":42},"failureMessages":["Error: expected 200 got 500\n    at processRequest (/tmp/handler.js:17)\n    at Object.<anonymous> (/tmp/handler.test.js:42)"]},{"fullName":"other good","status":"passed"}]}]}
